<?xml version="1.0" encoding="utf-8"?><testsuites name="pytest tests"><testsuite name="pytest" errors="0" failures="0" skipped="0" tests="22" time="4.126" timestamp="2026-04-10T18:51:50.632132+00:00" hostname="agent-env-6f7127d4-ef6d-484c-8844-47293f38381b"><testcase classname="backend.tests.test_i18n_admin_features.TestAdminLogin" name="test_admin_login_succeeds" time="0.523" /><testcase classname="backend.tests.test_i18n_admin_features.TestAdminLogin" name="test_admin_me_endpoint" time="0.493" /><testcase classname="backend.tests.test_i18n_admin_features.TestPartnerLogin" name="test_partner_login_succeeds" time="0.334" /><testcase classname="backend.tests.test_i18n_admin_features.TestPartnerLogin" name="test_partner_me_endpoint" time="0.173" /><testcase classname="backend.tests.test_i18n_admin_features.TestContactInquiries" name="test_submit_contact_inquiry" time="0.176" /><testcase classname="backend.tests.test_i18n_admin_features.TestContactInquiries" name="test_get_my_inquiries" time="0.148" /><testcase classname="backend.tests.test_i18n_admin_features.TestContactInquiries" name="test_get_inquiries_requires_auth" time="0.157" /><testcase classname="backend.tests.test_i18n_admin_features.TestAdminContactEndpoints" name="test_admin_get_all_inquiries" time="0.167" /><testcase classname="backend.tests.test_i18n_admin_features.TestAdminContactEndpoints" name="test_admin_mark_inquiry_read" time="0.246" /><testcase classname="backend.tests.test_i18n_admin_features.TestAdminContactEndpoints" name="test_admin_reply_to_inquiry" time="0.222" /><testcase classname="backend.tests.test_i18n_admin_features.TestAdminContactEndpoints" name="test_admin_reply_persists_in_db" time="0.117" /><testcase classname="backend.tests.test_i18n_admin_features.TestAdminContactEndpoints" name="test_partner_sees_reply_in_own_inquiries" time="0.107" /><testcase classname="backend.tests.test_i18n_admin_features.TestAdminContactEndpoints" name="test_admin_contact_requires_admin_role" time="0.119" /><testcase classname="backend.tests.test_i18n_admin_features.TestAdminContactEndpoints" name="test_admin_reply_requires_admin_role" time="0.141" /><testcase classname="backend.tests.test_i18n_admin_features.TestAdminUsers" name="test_admin_get_partner_users" time="0.116" /><testcase classname="backend.tests.test_i18n_admin_features.TestAdminUsers" name="test_admin_users_contain_partner_fields" time="0.117" /><testcase classname="backend.tests.test_i18n_admin_features.TestAdminUsers" name="test_admin_users_contains_no_admins" time="0.133" /><testcase classname="backend.tests.test_i18n_admin_features.TestAdminUsers" name="test_admin_users_requires_admin_role" time="0.109" /><testcase classname="backend.tests.test_i18n_admin_features.TestRegressionEndpoints" name="test_admin_stats" time="0.112" /><testcase classname="backend.tests.test_i18n_admin_features.TestRegressionEndpoints" name="test_admin_get_partnerships" time="0.113" /><testcase classname="backend.tests.test_i18n_admin_features.TestRegressionEndpoints" name="test_partner_get_partnerships" time="0.113" /><testcase classname="backend.tests.test_i18n_admin_features.TestRegressionEndpoints" name="test_health_check" time="0.105" /></testsuite></testsuites>