<?xml version="1.0" encoding="utf-8"?><testsuites name="pytest tests"><testsuite name="pytest" errors="0" failures="0" skipped="0" tests="13" time="3.053" timestamp="2026-03-23T15:48:50.908995+00:00" hostname="agent-env-6f7127d4-ef6d-484c-8844-47293f38381b"><testcase classname="backend.tests.test_new_features.TestContactEndpoint" name="test_submit_contact_general_inquiry" time="0.655" /><testcase classname="backend.tests.test_new_features.TestContactEndpoint" name="test_submit_contact_billing_inquiry" time="0.112" /><testcase classname="backend.tests.test_new_features.TestContactEndpoint" name="test_submit_contact_requires_auth" time="0.111" /><testcase classname="backend.tests.test_new_features.TestContactEndpoint" name="test_submit_contact_technical_inquiry" time="0.105" /><testcase classname="backend.tests.test_new_features.TestAdminContactEndpoints" name="test_admin_get_inquiries" time="0.521" /><testcase classname="backend.tests.test_new_features.TestAdminContactEndpoints" name="test_admin_get_inquiries_has_required_fields" time="0.263" /><testcase classname="backend.tests.test_new_features.TestAdminContactEndpoints" name="test_admin_get_inquiries_requires_admin" time="0.118" /><testcase classname="backend.tests.test_new_features.TestAdminContactEndpoints" name="test_admin_mark_inquiry_read" time="0.345" /><testcase classname="backend.tests.test_new_features.TestAdminContactEndpoints" name="test_admin_mark_inquiry_requires_admin" time="0.178" /><testcase classname="backend.tests.test_new_features.TestExistingFeaturesRegression" name="test_health_check" time="0.116" /><testcase classname="backend.tests.test_new_features.TestExistingFeaturesRegression" name="test_admin_get_partnerships" time="0.190" /><testcase classname="backend.tests.test_new_features.TestExistingFeaturesRegression" name="test_admin_stats" time="0.117" /><testcase classname="backend.tests.test_new_features.TestExistingFeaturesRegression" name="test_partner_get_partnerships" time="0.148" /></testsuite></testsuites>