<?xml version="1.0" encoding="utf-8"?><testsuites name="pytest tests"><testsuite name="pytest" errors="0" failures="0" skipped="0" tests="9" time="1.525" timestamp="2026-02-28T17:18:39.033570+00:00" hostname="agent-env-3f06ec54-df3b-4035-b4a0-5edf12736923"><testcase classname="backend.tests.test_phase5_features.TestPartnershipGetEndpoint" name="test_get_partnerships_requires_auth" time="0.126" /><testcase classname="backend.tests.test_phase5_features.TestPartnershipGetEndpoint" name="test_get_partnerships_returns_list" time="0.428" /><testcase classname="backend.tests.test_phase5_features.TestPartnershipGetEndpoint" name="test_get_partnerships_each_has_id" time="0.118" /><testcase classname="backend.tests.test_phase5_features.TestPartnershipSubmission" name="test_submit_partnership_with_signature" time="0.057" /><testcase classname="backend.tests.test_phase5_features.TestPartnershipSubmission" name="test_submit_partnership_status_defaults_to_pending" time="0.120" /><testcase classname="backend.tests.test_phase5_features.TestPartnershipSubmission" name="test_submit_without_auth_fails" time="0.052" /><testcase classname="backend.tests.test_phase5_features.TestAdminPartnershipsIdField" name="test_admin_partnerships_have_id_field" time="0.396" /><testcase classname="backend.tests.test_phase5_features.TestAdminPartnershipsIdField" name="test_admin_can_update_status" time="0.110" /><testcase classname="backend.tests.test_phase5_features.TestAdminPartnershipsIdField" name="test_admin_stats_reflect_updates" time="0.050" /></testsuite></testsuites>