<?xml version="1.0" encoding="utf-8"?><testsuites name="pytest tests"><testsuite name="pytest" errors="0" failures="1" skipped="0" tests="9" time="1.767" timestamp="2026-02-28T17:18:21.413822+00:00" hostname="agent-env-3f06ec54-df3b-4035-b4a0-5edf12736923"><testcase classname="backend.tests.test_phase5_features.TestPartnershipGetEndpoint" name="test_get_partnerships_requires_auth" time="0.226" /><testcase classname="backend.tests.test_phase5_features.TestPartnershipGetEndpoint" name="test_get_partnerships_returns_list" time="0.471" /><testcase classname="backend.tests.test_phase5_features.TestPartnershipGetEndpoint" name="test_get_partnerships_each_has_id" time="0.178" /><testcase classname="backend.tests.test_phase5_features.TestPartnershipSubmission" name="test_submit_partnership_with_signature" time="0.060" /><testcase classname="backend.tests.test_phase5_features.TestPartnershipSubmission" name="test_submit_partnership_status_defaults_to_pending" time="0.124" /><testcase classname="backend.tests.test_phase5_features.TestPartnershipSubmission" name="test_submit_without_auth_fails" time="0.056" /><testcase classname="backend.tests.test_phase5_features.TestAdminPartnershipsIdField" name="test_admin_partnerships_have_id_field" time="0.383" /><testcase classname="backend.tests.test_phase5_features.TestAdminPartnershipsIdField" name="test_admin_can_update_status" time="0.120" /><testcase classname="backend.tests.test_phase5_features.TestAdminPartnershipsIdField" name="test_admin_stats_reflect_updates" time="0.064"><failure message="AssertionError: Total (6) != pending+approved+rejected (5)&#10;assert 6 == ((3 + 2) + 0)">backend/tests/test_phase5_features.py:271: in test_admin_stats_reflect_updates
    assert data["total"] == data["pending"] + data["approved"] + data["rejected"], \
E   AssertionError: Total (6) != pending+approved+rejected (5)
E   assert 6 == ((3 + 2) + 0)</failure></testcase></testsuite></testsuites>