<?xml version="1.0" encoding="utf-8"?><testsuites name="pytest tests"><testsuite name="pytest" errors="0" failures="0" skipped="0" tests="17" time="2.942" timestamp="2026-02-28T16:46:09.466547+00:00" hostname="agent-env-3f06ec54-df3b-4035-b4a0-5edf12736923"><testcase classname="backend.tests.test_auth_api.TestHealth" name="test_health_endpoint" time="0.283" /><testcase classname="backend.tests.test_auth_api.TestAuthLogin" name="test_admin_login_success" time="0.327" /><testcase classname="backend.tests.test_auth_api.TestAuthLogin" name="test_login_returns_role" time="0.294" /><testcase classname="backend.tests.test_auth_api.TestAuthLogin" name="test_login_invalid_password" time="0.284" /><testcase classname="backend.tests.test_auth_api.TestAuthLogin" name="test_login_invalid_email" time="0.067" /><testcase classname="backend.tests.test_auth_api.TestAuthLogin" name="test_login_missing_fields" time="0.063" /><testcase classname="backend.tests.test_auth_api.TestAuthRegister" name="test_register_new_partner" time="0.292" /><testcase classname="backend.tests.test_auth_api.TestAuthRegister" name="test_register_duplicate_email" time="0.058" /><testcase classname="backend.tests.test_auth_api.TestAuthRegister" name="test_register_missing_fields" time="0.057" /><testcase classname="backend.tests.test_auth_api.TestAuthMe" name="test_get_me_with_valid_token" time="0.435" /><testcase classname="backend.tests.test_auth_api.TestAuthMe" name="test_get_me_without_token" time="0.058" /><testcase classname="backend.tests.test_auth_api.TestAuthMe" name="test_get_me_with_invalid_token" time="0.063" /><testcase classname="backend.tests.test_auth_api.TestAdminStats" name="test_admin_stats_without_token" time="0.059" /><testcase classname="backend.tests.test_auth_api.TestAdminStats" name="test_admin_stats_with_admin_token" time="0.056" /><testcase classname="backend.tests.test_auth_api.TestAdminStats" name="test_admin_stats_with_partner_token" time="0.342" /><testcase classname="backend.tests.test_auth_api.TestAdminPartnerships" name="test_admin_get_partnerships_without_token" time="0.063" /><testcase classname="backend.tests.test_auth_api.TestAdminPartnerships" name="test_admin_get_partnerships_with_admin_token" time="0.066" /></testsuite></testsuites>