<?xml version="1.0" encoding="utf-8"?><testsuites name="pytest tests"><testsuite name="pytest" errors="0" failures="0" skipped="0" tests="29" time="3.859" timestamp="2026-03-23T13:52:31.089140+00:00" hostname="agent-env-6f7127d4-ef6d-484c-8844-47293f38381b"><testcase classname="backend.tests.test_refactor_complete.TestHealthCheck" name="test_health_returns_200" time="0.218" /><testcase classname="backend.tests.test_refactor_complete.TestHealthCheck" name="test_health_returns_status_healthy" time="0.116" /><testcase classname="backend.tests.test_refactor_complete.TestAdminLogin" name="test_admin_login_success" time="0.297" /><testcase classname="backend.tests.test_refactor_complete.TestAdminLogin" name="test_admin_login_invalid_password" time="0.280" /><testcase classname="backend.tests.test_refactor_complete.TestAdminLogin" name="test_login_missing_password" time="0.051" /><testcase classname="backend.tests.test_refactor_complete.TestPartnerRegistration" name="test_register_creates_partner" time="0.279" /><testcase classname="backend.tests.test_refactor_complete.TestPartnerRegistration" name="test_register_duplicate_email_rejected" time="0.051" /><testcase classname="backend.tests.test_refactor_complete.TestPartnerRegistration" name="test_register_missing_required_fields" time="0.053" /><testcase classname="backend.tests.test_refactor_complete.TestPartnerLogin" name="test_partner_login_success" time="0.562" /><testcase classname="backend.tests.test_refactor_complete.TestPartnerLogin" name="test_invalid_login_returns_401" time="0.052" /><testcase classname="backend.tests.test_refactor_complete.TestAuthMe" name="test_me_with_admin_token_returns_user" time="0.392" /><testcase classname="backend.tests.test_refactor_complete.TestAuthMe" name="test_me_with_partner_token_returns_user" time="0.400" /><testcase classname="backend.tests.test_refactor_complete.TestAuthMe" name="test_me_without_token_returns_403" time="0.051" /><testcase classname="backend.tests.test_refactor_complete.TestAuthMe" name="test_me_with_invalid_token_returns_401" time="0.048" /><testcase classname="backend.tests.test_refactor_complete.TestAdminStats" name="test_admin_stats_with_admin_token" time="0.056" /><testcase classname="backend.tests.test_refactor_complete.TestAdminStats" name="test_admin_stats_without_token_returns_403" time="0.048" /><testcase classname="backend.tests.test_refactor_complete.TestAdminStats" name="test_admin_stats_partner_token_forbidden" time="0.053" /><testcase classname="backend.tests.test_refactor_complete.TestAdminPartnerships" name="test_admin_get_all_partnerships" time="0.051" /><testcase classname="backend.tests.test_refactor_complete.TestAdminPartnerships" name="test_admin_partnerships_without_token_forbidden" time="0.049" /><testcase classname="backend.tests.test_refactor_complete.TestAdminPartnerships" name="test_admin_partnerships_partner_token_forbidden" time="0.057" /><testcase classname="backend.tests.test_refactor_complete.TestAdminStatusUpdate" name="test_admin_can_approve_partnership" time="0.099" /><testcase classname="backend.tests.test_refactor_complete.TestAdminStatusUpdate" name="test_admin_can_reject_partnership" time="0.049" /><testcase classname="backend.tests.test_refactor_complete.TestAdminStatusUpdate" name="test_status_update_without_admin_token_forbidden" time="0.053" /><testcase classname="backend.tests.test_refactor_complete.TestPartnerSubmitApplication" name="test_partner_can_submit_application" time="0.049" /><testcase classname="backend.tests.test_refactor_complete.TestPartnerSubmitApplication" name="test_submit_without_auth_token_forbidden" time="0.049" /><testcase classname="backend.tests.test_refactor_complete.TestPartnerSubmitApplication" name="test_submit_missing_required_fields_returns_422" time="0.099" /><testcase classname="backend.tests.test_refactor_complete.TestPartnerGetPartnerships" name="test_partner_gets_own_partnerships" time="0.049" /><testcase classname="backend.tests.test_refactor_complete.TestPartnerGetPartnerships" name="test_get_partnerships_without_token_forbidden" time="0.047" /><testcase classname="backend.tests.test_refactor_complete.TestPartnerGetPartnerships" name="test_partner_only_sees_own_data" time="0.103" /></testsuite></testsuites>